<?xml version="1.0" encoding="utf-8"?><test-run><test-suite type="Assembly" id="1029" name="AltTester.AltTesterUnitySDK.Editor.dll" fullname="D:/QA-Automation-Test-Project/Library/ScriptAssemblies/AltTester.AltTesterUnitySDK.Editor.dll" runstate="Runnable" testcasecount="1" result="Failed" site="Child" start-time="2025-01-12 11:55:27Z" end-time="2025-01-12 11:56:29Z" duration="61.737445" total="1" passed="0" failed="1" inconclusive="0" skipped="0" asserts="0"><properties><property name="_PID" value="31628" /><property name="_APPDOMAIN" value="Unity Child Domain" /></properties><failure><message><![CDATA[One or more child tests had errors]]></message></failure><test-suite type="TestFixture" id="1027" name="AltTestLogin" fullname="AltTestLogin" classname="AltTestLogin" runstate="Runnable" testcasecount="1" result="Failed" label="Error" site="TearDown" start-time="2025-01-12 11:55:27Z" end-time="2025-01-12 11:56:29Z" duration="61.736407" total="1" passed="0" failed="1" inconclusive="0" skipped="0" asserts="0"><failure><message><![CDATA[AltTester.AltTesterUnitySDK.Driver.ConnectionTimeoutException : Failed to connect to AltTester(R) Server on host: 127.0.0.1 port: 13000.
TearDown : System.NullReferenceException : Object reference not set to an instance of an object]]></message><stack-trace><![CDATA[  at AltTester.AltTesterUnitySDK.Driver.Communication.DriverWebSocketClient.Connect () [0x00223] in D:\QA-Automation-Test-Project\Assets\4.ThirdParties\AltTester\Runtime\AltDriver\Communication\DriverWebSocketClient.cs:197 
  at AltTester.AltTesterUnitySDK.Driver.Communication.DriverCommunicationHandler.Connect () [0x00077] in D:\QA-Automation-Test-Project\Assets\4.ThirdParties\AltTester\Runtime\AltDriver\Communication\DriverCommunicationHandler.cs:97 
  at AltTester.AltTesterUnitySDK.Driver.AltDriver..ctor (System.String host, System.Int32 port, System.String appName, System.Boolean enableLogging, System.Int32 connectTimeout, System.String platform, System.String platformVersion, System.String deviceInstanceId, System.String appId, System.String driverType) [0x000a3] in D:\QA-Automation-Test-Project\Assets\4.ThirdParties\AltTester\Runtime\AltDriver\AltDriver.cs:83 
  at AltTestLogin.SetUp () [0x00001] in D:\QA-Automation-Test-Project\Assets\4.ThirdParties\AltTester\Editor\Scripts\AltTesterEditor\AltTestLogin.cs:12 
  at (wrapper managed-to-native) System.Reflection.RuntimeMethodInfo.InternalInvoke(System.Reflection.RuntimeMethodInfo,object,object[],System.Exception&)
  at System.Reflection.RuntimeMethodInfo.Invoke (System.Object obj, System.Reflection.BindingFlags invokeAttr, System.Reflection.Binder binder, System.Object[] parameters, System.Globalization.CultureInfo culture) [0x0006a] in <6122523d36af4c6bbd1e418f9bebd8ba>:0 
--TearDown
  at AltTestLogin.TearDown () [0x00001] in D:\QA-Automation-Test-Project\Assets\4.ThirdParties\AltTester\Editor\Scripts\AltTesterEditor\AltTestLogin.cs:50 
  at (wrapper managed-to-native) System.Reflection.RuntimeMethodInfo.InternalInvoke(System.Reflection.RuntimeMethodInfo,object,object[],System.Exception&)
  at System.Reflection.RuntimeMethodInfo.Invoke (System.Object obj, System.Reflection.BindingFlags invokeAttr, System.Reflection.Binder binder, System.Object[] parameters, System.Globalization.CultureInfo culture) [0x0006a] in <6122523d36af4c6bbd1e418f9bebd8ba>:0 ]]></stack-trace></failure><test-case id="1028" name="TestLoginInPlayMode" fullname="AltTestLogin.TestLoginInPlayMode" methodname="TestLoginInPlayMode" classname="AltTestLogin" runstate="Runnable" seed="1842421338" result="Failed" label="Error" site="Parent" start-time="0001-01-01 00:00:00Z" end-time="0001-01-01 00:00:00Z" duration="0.000000" asserts="0"><failure><message><![CDATA[OneTimeSetUp: AltTester.AltTesterUnitySDK.Driver.ConnectionTimeoutException : Failed to connect to AltTester(R) Server on host: 127.0.0.1 port: 13000.]]></message></failure></test-case></test-suite></test-suite></test-run>